# JRE version: OpenJDK Runtime Environment Temurin-21.0.8+9 (21.0.8+9) (build 21.0.8+9-LTS)
# Java VM: OpenJDK 64-Bit Server VM Temurin-21.0.8+9 (21.0.8+9-LTS, mixed mode, sharing, tiered, compressed oops, compressed class ptrs, parallel gc, windows-amd64)
GC Precious Log:
 CardTable entry size: 512
 CPUs: 8 total, 8 available
 Memory: 16183M
 Large Page Support: Disabled
 NUMA Support: Disabled
 Compressed Oops: Enabled (Zero based)
 Alignments: Space 512K, Generation 512K, Heap 2M
 Heap Min Capacity: 100M
 Heap Initial Capacity: 100M
 Heap Max Capacity: 4G
 Pre-touch: Disabled
 Parallel Workers: 8
Heap:
 PSYoungGen      total 3072K, used 2164K [0x00000007aab00000, 0x00000007ab000000, 0x0000000800000000)
  eden space 1024K, 52% used [0x00000007aab00000,0x00000007aab85320,0x00000007aac00000)
  from space 2048K, 79% used [0x00000007aae00000,0x00000007aaf98060,0x00000007ab000000)
  to   space 2048K, 0% used [0x00000007aac00000,0x00000007aac00000,0x00000007aae00000)
 ParOldGen       total 243712K, used 242821K [0x0000000700000000, 0x000000070ee00000, 0x00000007aab00000)
  object space 243712K, 99% used [0x0000000700000000,0x000000070ed21408,0x000000070ee00000)
 Metaspace       used 71873K, committed 73536K, reserved 1179648K
  class space    used 7284K, committed 8064K, reserved 1048576K
GC Heap History (20 events):
Event: 9400.152 GC heap before
{Heap before GC invocations=339 (full 5):
 PSYoungGen      total 3072K, used 2929K [0x00000007aab00000, 0x00000007aaf80000, 0x0000000800000000)
  eden space 1536K, 100% used [0x00000007aab00000,0x00000007aac80000,0x00000007aac80000)
  from space 1536K, 90% used [0x00000007aae00000,0x00000007aaf5c510,0x00000007aaf80000)
  to   space 1536K, 0% used [0x00000007aac80000,0x00000007aac80000,0x00000007aae00000)
 ParOldGen       total 243712K, used 241530K [0x0000000700000000, 0x000000070ee00000, 0x00000007aab00000)
  object space 243712K, 99% used [0x0000000700000000,0x000000070ebdeac0,0x000000070ee00000)
 Metaspace       used 71822K, committed 73472K, reserved 1179648K
  class space    used 7284K, committed 8064K, reserved 1048576K
}
Event: 9400.154 GC heap after
{Heap after GC invocations=339 (full 5):
 PSYoungGen      total 3072K, used 1446K [0x00000007aab00000, 0x00000007ab000000, 0x0000000800000000)
  eden space 1536K, 0% used [0x00000007aab00000,0x00000007aab00000,0x00000007aac80000)
  from space 1536K, 94% used [0x00000007aac80000,0x00000007aade9918,0x00000007aae00000)
  to   space 1536K, 0% used [0x00000007aae80000,0x00000007aae80000,0x00000007ab000000)
 ParOldGen       total 243712K, used 241530K [0x0000000700000000, 0x000000070ee00000, 0x00000007aab00000)
  object space 243712K, 99% used [0x0000000700000000,0x000000070ebdeac0,0x000000070ee00000)
 Metaspace       used 71822K, committed 73472K, reserved 1179648K
  class space    used 7284K, committed 8064K, reserved 1048576K
}
Event: 9400.180 GC heap before
{Heap before GC invocations=340 (full 5):
 PSYoungGen      total 3072K, used 2982K [0x00000007aab00000, 0x00000007ab000000, 0x0000000800000000)
  eden space 1536K, 99% used [0x00000007aab00000,0x00000007aac7ffd8,0x00000007aac80000)
  from space 1536K, 94% used [0x00000007aac80000,0x00000007aade9918,0x00000007aae00000)
  to   space 1536K, 0% used [0x00000007aae80000,0x00000007aae80000,0x00000007ab000000)
 ParOldGen       total 243712K, used 241530K [0x0000000700000000, 0x000000070ee00000, 0x00000007aab00000)
  object space 243712K, 99% used [0x0000000700000000,0x000000070ebdeac0,0x000000070ee00000)
 Metaspace       used 71827K, committed 73472K, reserved 1179648K
  class space    used 7284K, committed 8064K, reserved 1048576K
}
Event: 9400.183 GC heap after
{Heap after GC invocations=340 (full 5):
 PSYoungGen      total 3072K, used 1526K [0x00000007aab00000, 0x00000007ab080000, 0x0000000800000000)
  eden space 1536K, 0% used [0x00000007aab00000,0x00000007aab00000,0x00000007aac80000)
  from space 1536K, 99% used [0x00000007aae80000,0x00000007aaffd928,0x00000007ab000000)
  to   space 2048K, 0% used [0x00000007aac80000,0x00000007aac80000,0x00000007aae80000)
 ParOldGen       total 243712K, used 241546K [0x0000000700000000, 0x000000070ee00000, 0x00000007aab00000)
  object space 243712K, 99% used [0x0000000700000000,0x000000070ebe2ac0,0x000000070ee00000)
 Metaspace       used 71827K, committed 73472K, reserved 1179648K
  class space    used 7284K, committed 8064K, reserved 1048576K
}
Event: 9400.202 GC heap before
{Heap before GC invocations=341 (full 5):
 PSYoungGen      total 3072K, used 3062K [0x00000007aab00000, 0x00000007ab080000, 0x0000000800000000)
  eden space 1536K, 100% used [0x00000007aab00000,0x00000007aac80000,0x00000007aac80000)
  from space 1536K, 99% used [0x00000007aae80000,0x00000007aaffd928,0x00000007ab000000)
  to   space 2048K, 0% used [0x00000007aac80000,0x00000007aac80000,0x00000007aae80000)
 ParOldGen       total 243712K, used 241546K [0x0000000700000000, 0x000000070ee00000, 0x00000007aab00000)
  object space 243712K, 99% used [0x0000000700000000,0x000000070ebe2ac0,0x000000070ee00000)
 Metaspace       used 71832K, committed 73472K, reserved 1179648K
  class space    used 7284K, committed 8064K, reserved 1048576K
}
Event: 9400.204 GC heap after
{Heap after GC invocations=341 (full 5):
 PSYoungGen      total 2560K, used 768K [0x00000007aab00000, 0x00000007aaf80000, 0x0000000800000000)
  eden space 1536K, 0% used [0x00000007aab00000,0x00000007aab00000,0x00000007aac80000)
  from space 1024K, 75% used [0x00000007aac80000,0x00000007aad40020,0x00000007aad80000)
  to   space 1536K, 0% used [0x00000007aae00000,0x00000007aae00000,0x00000007aaf80000)
 ParOldGen       total 243712K, used 242512K [0x0000000700000000, 0x000000070ee00000, 0x00000007aab00000)
  object space 243712K, 99% used [0x0000000700000000,0x000000070ecd43d8,0x000000070ee00000)
 Metaspace       used 71832K, committed 73472K, reserved 1179648K
  class space    used 7284K, committed 8064K, reserved 1048576K
}
Event: 9400.208 GC heap before
{Heap before GC invocations=342 (full 5):
 PSYoungGen      total 2560K, used 2304K [0x00000007aab00000, 0x00000007aaf80000, 0x0000000800000000)
  eden space 1536K, 100% used [0x00000007aab00000,0x00000007aac80000,0x00000007aac80000)
  from space 1024K, 75% used [0x00000007aac80000,0x00000007aad40020,0x00000007aad80000)
  to   space 1536K, 0% used [0x00000007aae00000,0x00000007aae00000,0x00000007aaf80000)
 ParOldGen       total 243712K, used 242512K [0x0000000700000000, 0x000000070ee00000, 0x00000007aab00000)
  object space 243712K, 99% used [0x0000000700000000,0x000000070ecd43d8,0x000000070ee00000)
 Metaspace       used 71832K, committed 73472K, reserved 1179648K
  class space    used 7284K, committed 8064K, reserved 1048576K
}
Event: 9400.209 GC heap after
{Heap after GC invocations=342 (full 5):
 PSYoungGen      total 2560K, used 832K [0x00000007aab00000, 0x00000007aaf00000, 0x0000000800000000)
  eden space 1536K, 0% used [0x00000007aab00000,0x00000007aab00000,0x00000007aac80000)
  from space 1024K, 81% used [0x00000007aae00000,0x00000007aaed0020,0x00000007aaf00000)
  to   space 1024K, 0% used [0x00000007aac80000,0x00000007aac80000,0x00000007aad80000)
 ParOldGen       total 243712K, used 242512K [0x0000000700000000, 0x000000070ee00000, 0x00000007aab00000)
  object space 243712K, 99% used [0x0000000700000000,0x000000070ecd43d8,0x000000070ee00000)
 Metaspace       used 71832K, committed 73472K, reserved 1179648K
  class space    used 7284K, committed 8064K, reserved 1048576K
}
Event: 9400.221 GC heap before
{Heap before GC invocations=343 (full 5):
 PSYoungGen      total 2560K, used 2362K [0x00000007aab00000, 0x00000007aaf00000, 0x0000000800000000)
  eden space 1536K, 99% used [0x00000007aab00000,0x00000007aac7eba8,0x00000007aac80000)
  from space 1024K, 81% used [0x00000007aae00000,0x00000007aaed0020,0x00000007aaf00000)
  to   space 1024K, 0% used [0x00000007aac80000,0x00000007aac80000,0x00000007aad80000)
 ParOldGen       total 243712K, used 242512K [0x0000000700000000, 0x000000070ee00000, 0x00000007aab00000)
  object space 243712K, 99% used [0x0000000700000000,0x000000070ecd43d8,0x000000070ee00000)
 Metaspace       used 71843K, committed 73472K, reserved 1179648K
  class space    used 7284K, committed 8064K, reserved 1048576K
}
Event: 9400.222 GC heap after
{Heap after GC invocations=343 (full 5):
 PSYoungGen      total 2560K, used 1008K [0x00000007aab00000, 0x00000007aaf80000, 0x0000000800000000)
  eden space 1536K, 0% used [0x00000007aab00000,0x00000007aab00000,0x00000007aac80000)
  from space 1024K, 98% used [0x00000007aac80000,0x00000007aad7c030,0x00000007aad80000)
  to   space 1536K, 0% used [0x00000007aae00000,0x00000007aae00000,0x00000007aaf80000)
 ParOldGen       total 243712K, used 242536K [0x0000000700000000, 0x000000070ee00000, 0x00000007aab00000)
  object space 243712K, 99% used [0x0000000700000000,0x000000070ecda3d8,0x000000070ee00000)
 Metaspace       used 71843K, committed 73472K, reserved 1179648K
  class space    used 7284K, committed 8064K, reserved 1048576K
}
Event: 9400.230 GC heap before
{Heap before GC invocations=344 (full 5):
 PSYoungGen      total 2560K, used 2544K [0x00000007aab00000, 0x00000007aaf80000, 0x0000000800000000)
  eden space 1536K, 100% used [0x00000007aab00000,0x00000007aac80000,0x00000007aac80000)
  from space 1024K, 98% used [0x00000007aac80000,0x00000007aad7c030,0x00000007aad80000)
  to   space 1536K, 0% used [0x00000007aae00000,0x00000007aae00000,0x00000007aaf80000)
 ParOldGen       total 243712K, used 242536K [0x0000000700000000, 0x000000070ee00000, 0x00000007aab00000)
  object space 243712K, 99% used [0x0000000700000000,0x000000070ecda3d8,0x000000070ee00000)
 Metaspace       used 71843K, committed 73472K, reserved 1179648K
  class space    used 7284K, committed 8064K, reserved 1048576K
}
Event: 9400.232 GC heap after
{Heap after GC invocations=344 (full 5):
 PSYoungGen      total 3072K, used 1088K [0x00000007aab00000, 0x00000007aaf80000, 0x0000000800000000)
  eden space 1536K, 0% used [0x00000007aab00000,0x00000007aab00000,0x00000007aac80000)
  from space 1536K, 70% used [0x00000007aae00000,0x00000007aaf10020,0x00000007aaf80000)
  to   space 1536K, 0% used [0x00000007aac80000,0x00000007aac80000,0x00000007aae00000)
 ParOldGen       total 243712K, used 242676K [0x0000000700000000, 0x000000070ee00000, 0x00000007aab00000)
  object space 243712K, 99% used [0x0000000700000000,0x000000070ecfd3e8,0x000000070ee00000)
 Metaspace       used 71843K, committed 73472K, reserved 1179648K
  class space    used 7284K, committed 8064K, reserved 1048576K
}
Event: 9400.454 GC heap before
{Heap before GC invocations=345 (full 5):
 PSYoungGen      total 3072K, used 2624K [0x00000007aab00000, 0x00000007aaf80000, 0x0000000800000000)
  eden space 1536K, 100% used [0x00000007aab00000,0x00000007aac80000,0x00000007aac80000)
  from space 1536K, 70% used [0x00000007aae00000,0x00000007aaf10020,0x00000007aaf80000)
  to   space 1536K, 0% used [0x00000007aac80000,0x00000007aac80000,0x00000007aae00000)
 ParOldGen       total 243712K, used 242676K [0x0000000700000000, 0x000000070ee00000, 0x00000007aab00000)
  object space 243712K, 99% used [0x0000000700000000,0x000000070ecfd3e8,0x000000070ee00000)
 Metaspace       used 71845K, committed 73472K, reserved 1179648K
  class space    used 7284K, committed 8064K, reserved 1048576K
}
Event: 9400.457 GC heap after
{Heap after GC invocations=345 (full 5):
 PSYoungGen      total 3072K, used 1312K [0x00000007aab00000, 0x00000007aaf80000, 0x0000000800000000)
  eden space 1536K, 0% used [0x00000007aab00000,0x00000007aab00000,0x00000007aac80000)
  from space 1536K, 85% used [0x00000007aac80000,0x00000007aadc8040,0x00000007aae00000)
  to   space 1536K, 0% used [0x00000007aae00000,0x00000007aae00000,0x00000007aaf80000)
 ParOldGen       total 243712K, used 242676K [0x0000000700000000, 0x000000070ee00000, 0x00000007aab00000)
  object space 243712K, 99% used [0x0000000700000000,0x000000070ecfd3e8,0x000000070ee00000)
 Metaspace       used 71845K, committed 73472K, reserved 1179648K
  class space    used 7284K, committed 8064K, reserved 1048576K
}
Event: 9400.506 GC heap before
{Heap before GC invocations=346 (full 5):
 PSYoungGen      total 3072K, used 2848K [0x00000007aab00000, 0x00000007aaf80000, 0x0000000800000000)
  eden space 1536K, 100% used [0x00000007aab00000,0x00000007aac80000,0x00000007aac80000)
  from space 1536K, 85% used [0x00000007aac80000,0x00000007aadc8040,0x00000007aae00000)
  to   space 1536K, 0% used [0x00000007aae00000,0x00000007aae00000,0x00000007aaf80000)
 ParOldGen       total 243712K, used 242676K [0x0000000700000000, 0x000000070ee00000, 0x00000007aab00000)
  object space 243712K, 99% used [0x0000000700000000,0x000000070ecfd3e8,0x000000070ee00000)
 Metaspace       used 71849K, committed 73472K, reserved 1179648K
  class space    used 7284K, committed 8064K, reserved 1048576K
}
Event: 9400.508 GC heap after
{Heap after GC invocations=346 (full 5):
 PSYoungGen      total 2560K, used 1520K [0x00000007aab00000, 0x00000007ab080000, 0x0000000800000000)
  eden space 1024K, 0% used [0x00000007aab00000,0x00000007aab00000,0x00000007aac00000)
  from space 1536K, 98% used [0x00000007aae00000,0x00000007aaf7c050,0x00000007aaf80000)
  to   space 2048K, 0% used [0x00000007aac00000,0x00000007aac00000,0x00000007aae00000)
 ParOldGen       total 243712K, used 242728K [0x0000000700000000, 0x000000070ee00000, 0x00000007aab00000)
  object space 243712K, 99% used [0x0000000700000000,0x000000070ed0a3f8,0x000000070ee00000)
 Metaspace       used 71849K, committed 73472K, reserved 1179648K
  class space    used 7284K, committed 8064K, reserved 1048576K
}
Event: 9698.595 GC heap before
{Heap before GC invocations=347 (full 5):
 PSYoungGen      total 2560K, used 2544K [0x00000007aab00000, 0x00000007ab080000, 0x0000000800000000)
  eden space 1024K, 100% used [0x00000007aab00000,0x00000007aac00000,0x00000007aac00000)
  from space 1536K, 98% used [0x00000007aae00000,0x00000007aaf7c050,0x00000007aaf80000)
  to   space 2048K, 0% used [0x00000007aac00000,0x00000007aac00000,0x00000007aae00000)
 ParOldGen       total 243712K, used 242728K [0x0000000700000000, 0x000000070ee00000, 0x00000007aab00000)
  object space 243712K, 99% used [0x0000000700000000,0x000000070ed0a3f8,0x000000070ee00000)
 Metaspace       used 71872K, committed 73536K, reserved 1179648K
  class space    used 7284K, committed 8064K, reserved 1048576K
}
Event: 9698.598 GC heap after
{Heap after GC invocations=347 (full 5):
 PSYoungGen      total 3072K, used 1520K [0x00000007aab00000, 0x00000007ab000000, 0x0000000800000000)
  eden space 1024K, 0% used [0x00000007aab00000,0x00000007aab00000,0x00000007aac00000)
  from space 2048K, 74% used [0x00000007aac00000,0x00000007aad7c050,0x00000007aae00000)
  to   space 2048K, 0% used [0x00000007aae00000,0x00000007aae00000,0x00000007ab000000)
 ParOldGen       total 243712K, used 242821K [0x0000000700000000, 0x000000070ee00000, 0x00000007aab00000)
  object space 243712K, 99% used [0x0000000700000000,0x000000070ed21408,0x000000070ee00000)
 Metaspace       used 71872K, committed 73536K, reserved 1179648K
  class space    used 7284K, committed 8064K, reserved 1048576K
}
Event: 9698.644 GC heap before
{Heap before GC invocations=348 (full 5):
 PSYoungGen      total 3072K, used 2531K [0x00000007aab00000, 0x00000007ab000000, 0x0000000800000000)
  eden space 1024K, 98% used [0x00000007aab00000,0x00000007aabfcea0,0x00000007aac00000)
  from space 2048K, 74% used [0x00000007aac00000,0x00000007aad7c050,0x00000007aae00000)
  to   space 2048K, 0% used [0x00000007aae00000,0x00000007aae00000,0x00000007ab000000)
 ParOldGen       total 243712K, used 242821K [0x0000000700000000, 0x000000070ee00000, 0x00000007aab00000)
  object space 243712K, 99% used [0x0000000700000000,0x000000070ed21408,0x000000070ee00000)
 Metaspace       used 71872K, committed 73536K, reserved 1179648K
  class space    used 7284K, committed 8064K, reserved 1048576K
}
Event: 9698.646 GC heap after
{Heap after GC invocations=348 (full 5):
 PSYoungGen      total 3072K, used 1632K [0x00000007aab00000, 0x00000007ab000000, 0x0000000800000000)
  eden space 1024K, 0% used [0x00000007aab00000,0x00000007aab00000,0x00000007aac00000)
  from space 2048K, 79% used [0x00000007aae00000,0x00000007aaf98060,0x00000007ab000000)
  to   space 2048K, 0% used [0x00000007aac00000,0x00000007aac00000,0x00000007aae00000)
 ParOldGen       total 243712K, used 242821K [0x0000000700000000, 0x000000070ee00000, 0x00000007aab00000)
  object space 243712K, 99% used [0x0000000700000000,0x000000070ed21408,0x000000070ee00000)
 Metaspace       used 71872K, committed 73536K, reserved 1179648K
  class space    used 7284K, committed 8064K, reserved 1048576K
}

