# JRE version: OpenJDK Runtime Environment Temurin-21.0.8+9 (21.0.8+9) (build 21.0.8+9-LTS)
# Java VM: OpenJDK 64-Bit Server VM Temurin-21.0.8+9 (21.0.8+9-LTS, mixed mode, sharing, tiered, compressed oops, compressed class ptrs, parallel gc, windows-amd64)
GC Precious Log:
 CardTable entry size: 512
 CPUs: 8 total, 8 available
 Memory: 16183M
 Large Page Support: Disabled
 NUMA Support: Disabled
 Compressed Oops: Enabled (Zero based)
 Alignments: Space 512K, Generation 512K, Heap 2M
 Heap Min Capacity: 100M
 Heap Initial Capacity: 100M
 Heap Max Capacity: 4G
 Pre-touch: Disabled
 Parallel Workers: 8
Heap:
 PSYoungGen      total 5120K, used 996K [0x00000007aab00000, 0x00000007ab100000, 0x0000000800000000)
  eden space 4096K, 0% used [0x00000007aab00000,0x00000007aab00000,0x00000007aaf00000)
  from space 1024K, 97% used [0x00000007aaf00000,0x00000007aaff90e0,0x00000007ab000000)
  to   space 1024K, 0% used [0x00000007ab000000,0x00000007ab000000,0x00000007ab100000)
 ParOldGen       total 2024960K, used 2024465K [0x0000000700000000, 0x000000077b980000, 0x00000007aab00000)
  object space 2024960K, 99% used [0x0000000700000000,0x000000077b904458,0x000000077b980000)
 Metaspace       used 89194K, committed 90752K, reserved 1179648K
  class space    used 8521K, committed 9280K, reserved 1048576K
GC Heap History (20 events):
Event: 46904.384 GC heap after
{Heap after GC invocations=11014 (full 19):
 PSYoungGen      total 5120K, used 704K [0x00000007aab00000, 0x00000007ab100000, 0x0000000800000000)
  eden space 4096K, 0% used [0x00000007aab00000,0x00000007aab00000,0x00000007aaf00000)
  from space 1024K, 68% used [0x00000007aaf00000,0x00000007aafb0000,0x00000007ab000000)
  to   space 1024K, 0% used [0x00000007ab000000,0x00000007ab000000,0x00000007ab100000)
 ParOldGen       total 2016768K, used 2016718K [0x0000000700000000, 0x000000077b180000, 0x00000007aab00000)
  object space 2016768K, 99% used [0x0000000700000000,0x000000077b173a50,0x000000077b180000)
 Metaspace       used 89188K, committed 90752K, reserved 1179648K
  class space    used 8521K, committed 9280K, reserved 1048576K
}
Event: 46904.412 GC heap before
{Heap before GC invocations=11015 (full 19):
 PSYoungGen      total 5120K, used 4800K [0x00000007aab00000, 0x00000007ab100000, 0x0000000800000000)
  eden space 4096K, 100% used [0x00000007aab00000,0x00000007aaf00000,0x00000007aaf00000)
  from space 1024K, 68% used [0x00000007aaf00000,0x00000007aafb0000,0x00000007ab000000)
  to   space 1024K, 0% used [0x00000007ab000000,0x00000007ab000000,0x00000007ab100000)
 ParOldGen       total 2016768K, used 2016718K [0x0000000700000000, 0x000000077b180000, 0x00000007aab00000)
  object space 2016768K, 99% used [0x0000000700000000,0x000000077b173a50,0x000000077b180000)
 Metaspace       used 89188K, committed 90752K, reserved 1179648K
  class space    used 8521K, committed 9280K, reserved 1048576K
}
Event: 46904.421 GC heap after
{Heap after GC invocations=11015 (full 19):
 PSYoungGen      total 5120K, used 576K [0x00000007aab00000, 0x00000007ab100000, 0x0000000800000000)
  eden space 4096K, 0% used [0x00000007aab00000,0x00000007aab00000,0x00000007aaf00000)
  from space 1024K, 56% used [0x00000007ab000000,0x00000007ab090000,0x00000007ab100000)
  to   space 1024K, 0% used [0x00000007aaf00000,0x00000007aaf00000,0x00000007ab000000)
 ParOldGen       total 2017792K, used 2017334K [0x0000000700000000, 0x000000077b280000, 0x00000007aab00000)
  object space 2017792K, 99% used [0x0000000700000000,0x000000077b20da70,0x000000077b280000)
 Metaspace       used 89188K, committed 90752K, reserved 1179648K
  class space    used 8521K, committed 9280K, reserved 1048576K
}
Event: 46904.522 GC heap before
{Heap before GC invocations=11016 (full 19):
 PSYoungGen      total 5120K, used 4672K [0x00000007aab00000, 0x00000007ab100000, 0x0000000800000000)
  eden space 4096K, 100% used [0x00000007aab00000,0x00000007aaf00000,0x00000007aaf00000)
  from space 1024K, 56% used [0x00000007ab000000,0x00000007ab090000,0x00000007ab100000)
  to   space 1024K, 0% used [0x00000007aaf00000,0x00000007aaf00000,0x00000007ab000000)
 ParOldGen       total 2017792K, used 2017334K [0x0000000700000000, 0x000000077b280000, 0x00000007aab00000)
  object space 2017792K, 99% used [0x0000000700000000,0x000000077b20da70,0x000000077b280000)
 Metaspace       used 89188K, committed 90752K, reserved 1179648K
  class space    used 8521K, committed 9280K, reserved 1048576K
}
Event: 46904.529 GC heap after
{Heap after GC invocations=11016 (full 19):
 PSYoungGen      total 5120K, used 740K [0x00000007aab00000, 0x00000007ab100000, 0x0000000800000000)
  eden space 4096K, 0% used [0x00000007aab00000,0x00000007aab00000,0x00000007aaf00000)
  from space 1024K, 72% used [0x00000007aaf00000,0x00000007aafb9210,0x00000007ab000000)
  to   space 1024K, 0% used [0x00000007ab000000,0x00000007ab000000,0x00000007ab100000)
 ParOldGen       total 2018304K, used 2017830K [0x0000000700000000, 0x000000077b300000, 0x00000007aab00000)
  object space 2018304K, 99% used [0x0000000700000000,0x000000077b289ab0,0x000000077b300000)
 Metaspace       used 89188K, committed 90752K, reserved 1179648K
  class space    used 8521K, committed 9280K, reserved 1048576K
}
Event: 46904.552 GC heap before
{Heap before GC invocations=11017 (full 19):
 PSYoungGen      total 5120K, used 4836K [0x00000007aab00000, 0x00000007ab100000, 0x0000000800000000)
  eden space 4096K, 100% used [0x00000007aab00000,0x00000007aaf00000,0x00000007aaf00000)
  from space 1024K, 72% used [0x00000007aaf00000,0x00000007aafb9210,0x00000007ab000000)
  to   space 1024K, 0% used [0x00000007ab000000,0x00000007ab000000,0x00000007ab100000)
 ParOldGen       total 2018304K, used 2017830K [0x0000000700000000, 0x000000077b300000, 0x00000007aab00000)
  object space 2018304K, 99% used [0x0000000700000000,0x000000077b289ab0,0x000000077b300000)
 Metaspace       used 89188K, committed 90752K, reserved 1179648K
  class space    used 8521K, committed 9280K, reserved 1048576K
}
Event: 46904.559 GC heap after
{Heap after GC invocations=11017 (full 19):
 PSYoungGen      total 5120K, used 608K [0x00000007aab00000, 0x00000007ab100000, 0x0000000800000000)
  eden space 4096K, 0% used [0x00000007aab00000,0x00000007aab00000,0x00000007aaf00000)
  from space 1024K, 59% used [0x00000007ab000000,0x00000007ab098000,0x00000007ab100000)
  to   space 1024K, 0% used [0x00000007aaf00000,0x00000007aaf00000,0x00000007ab000000)
 ParOldGen       total 2018816K, used 2018449K [0x0000000700000000, 0x000000077b380000, 0x00000007aab00000)
  object space 2018816K, 99% used [0x0000000700000000,0x000000077b324588,0x000000077b380000)
 Metaspace       used 89188K, committed 90752K, reserved 1179648K
  class space    used 8521K, committed 9280K, reserved 1048576K
}
Event: 46904.621 GC heap before
{Heap before GC invocations=11018 (full 19):
 PSYoungGen      total 5120K, used 4704K [0x00000007aab00000, 0x00000007ab100000, 0x0000000800000000)
  eden space 4096K, 100% used [0x00000007aab00000,0x00000007aaf00000,0x00000007aaf00000)
  from space 1024K, 59% used [0x00000007ab000000,0x00000007ab098000,0x00000007ab100000)
  to   space 1024K, 0% used [0x00000007aaf00000,0x00000007aaf00000,0x00000007ab000000)
 ParOldGen       total 2018816K, used 2018449K [0x0000000700000000, 0x000000077b380000, 0x00000007aab00000)
  object space 2018816K, 99% used [0x0000000700000000,0x000000077b324588,0x000000077b380000)
 Metaspace       used 89188K, committed 90752K, reserved 1179648K
  class space    used 8521K, committed 9280K, reserved 1048576K
}
Event: 46904.629 GC heap after
{Heap after GC invocations=11018 (full 19):
 PSYoungGen      total 5120K, used 480K [0x00000007aab00000, 0x00000007ab100000, 0x0000000800000000)
  eden space 4096K, 0% used [0x00000007aab00000,0x00000007aab00000,0x00000007aaf00000)
  from space 1024K, 46% used [0x00000007aaf00000,0x00000007aaf78000,0x00000007ab000000)
  to   space 1024K, 0% used [0x00000007ab000000,0x00000007ab000000,0x00000007ab100000)
 ParOldGen       total 2019328K, used 2018965K [0x0000000700000000, 0x000000077b400000, 0x00000007aab00000)
  object space 2019328K, 99% used [0x0000000700000000,0x000000077b3a55b8,0x000000077b400000)
 Metaspace       used 89188K, committed 90752K, reserved 1179648K
  class space    used 8521K, committed 9280K, reserved 1048576K
}
Event: 46904.686 GC heap before
{Heap before GC invocations=11019 (full 19):
 PSYoungGen      total 5120K, used 4576K [0x00000007aab00000, 0x00000007ab100000, 0x0000000800000000)
  eden space 4096K, 100% used [0x00000007aab00000,0x00000007aaf00000,0x00000007aaf00000)
  from space 1024K, 46% used [0x00000007aaf00000,0x00000007aaf78000,0x00000007ab000000)
  to   space 1024K, 0% used [0x00000007ab000000,0x00000007ab000000,0x00000007ab100000)
 ParOldGen       total 2019328K, used 2018965K [0x0000000700000000, 0x000000077b400000, 0x00000007aab00000)
  object space 2019328K, 99% used [0x0000000700000000,0x000000077b3a55b8,0x000000077b400000)
 Metaspace       used 89188K, committed 90752K, reserved 1179648K
  class space    used 8521K, committed 9280K, reserved 1048576K
}
Event: 46904.693 GC heap after
{Heap after GC invocations=11019 (full 19):
 PSYoungGen      total 5120K, used 592K [0x00000007aab00000, 0x00000007ab100000, 0x0000000800000000)
  eden space 4096K, 0% used [0x00000007aab00000,0x00000007aab00000,0x00000007aaf00000)
  from space 1024K, 57% used [0x00000007ab000000,0x00000007ab094010,0x00000007ab100000)
  to   space 1024K, 0% used [0x00000007aaf00000,0x00000007aaf00000,0x00000007ab000000)
 ParOldGen       total 2019840K, used 2019345K [0x0000000700000000, 0x000000077b480000, 0x00000007aab00000)
  object space 2019840K, 99% used [0x0000000700000000,0x000000077b404608,0x000000077b480000)
 Metaspace       used 89188K, committed 90752K, reserved 1179648K
  class space    used 8521K, committed 9280K, reserved 1048576K
}
Event: 46904.894 GC heap before
{Heap before GC invocations=11020 (full 19):
 PSYoungGen      total 5120K, used 4688K [0x00000007aab00000, 0x00000007ab100000, 0x0000000800000000)
  eden space 4096K, 100% used [0x00000007aab00000,0x00000007aaf00000,0x00000007aaf00000)
  from space 1024K, 57% used [0x00000007ab000000,0x00000007ab094010,0x00000007ab100000)
  to   space 1024K, 0% used [0x00000007aaf00000,0x00000007aaf00000,0x00000007ab000000)
 ParOldGen       total 2019840K, used 2019345K [0x0000000700000000, 0x000000077b480000, 0x00000007aab00000)
  object space 2019840K, 99% used [0x0000000700000000,0x000000077b404608,0x000000077b480000)
 Metaspace       used 89188K, committed 90752K, reserved 1179648K
  class space    used 8521K, committed 9280K, reserved 1048576K
}
Event: 46904.900 GC heap after
{Heap after GC invocations=11020 (full 19):
 PSYoungGen      total 5120K, used 820K [0x00000007aab00000, 0x00000007ab100000, 0x0000000800000000)
  eden space 4096K, 0% used [0x00000007aab00000,0x00000007aab00000,0x00000007aaf00000)
  from space 1024K, 80% used [0x00000007aaf00000,0x00000007aafcd200,0x00000007ab000000)
  to   space 1024K, 0% used [0x00000007ab000000,0x00000007ab000000,0x00000007ab100000)
 ParOldGen       total 2019840K, used 2019825K [0x0000000700000000, 0x000000077b480000, 0x00000007aab00000)
  object space 2019840K, 99% used [0x0000000700000000,0x000000077b47c648,0x000000077b480000)
 Metaspace       used 89188K, committed 90752K, reserved 1179648K
  class space    used 8521K, committed 9280K, reserved 1048576K
}
Event: 46905.003 GC heap before
{Heap before GC invocations=11021 (full 19):
 PSYoungGen      total 5120K, used 4916K [0x00000007aab00000, 0x00000007ab100000, 0x0000000800000000)
  eden space 4096K, 100% used [0x00000007aab00000,0x00000007aaf00000,0x00000007aaf00000)
  from space 1024K, 80% used [0x00000007aaf00000,0x00000007aafcd200,0x00000007ab000000)
  to   space 1024K, 0% used [0x00000007ab000000,0x00000007ab000000,0x00000007ab100000)
 ParOldGen       total 2019840K, used 2019825K [0x0000000700000000, 0x000000077b480000, 0x00000007aab00000)
  object space 2019840K, 99% used [0x0000000700000000,0x000000077b47c648,0x000000077b480000)
 Metaspace       used 89188K, committed 90752K, reserved 1179648K
  class space    used 8521K, committed 9280K, reserved 1048576K
}
Event: 46905.009 GC heap after
{Heap after GC invocations=11021 (full 19):
 PSYoungGen      total 5120K, used 512K [0x00000007aab00000, 0x00000007ab100000, 0x0000000800000000)
  eden space 4096K, 0% used [0x00000007aab00000,0x00000007aab00000,0x00000007aaf00000)
  from space 1024K, 50% used [0x00000007ab000000,0x00000007ab080000,0x00000007ab100000)
  to   space 1024K, 0% used [0x00000007aaf00000,0x00000007aaf00000,0x00000007ab000000)
 ParOldGen       total 2020864K, used 2020517K [0x0000000700000000, 0x000000077b580000, 0x00000007aab00000)
  object space 2020864K, 99% used [0x0000000700000000,0x000000077b5294b8,0x000000077b580000)
 Metaspace       used 89188K, committed 90752K, reserved 1179648K
  class space    used 8521K, committed 9280K, reserved 1048576K
}
Event: 46905.111 GC heap before
{Heap before GC invocations=11022 (full 19):
 PSYoungGen      total 5120K, used 4608K [0x00000007aab00000, 0x00000007ab100000, 0x0000000800000000)
  eden space 4096K, 100% used [0x00000007aab00000,0x00000007aaf00000,0x00000007aaf00000)
  from space 1024K, 50% used [0x00000007ab000000,0x00000007ab080000,0x00000007ab100000)
  to   space 1024K, 0% used [0x00000007aaf00000,0x00000007aaf00000,0x00000007ab000000)
 ParOldGen       total 2020864K, used 2020517K [0x0000000700000000, 0x000000077b580000, 0x00000007aab00000)
  object space 2020864K, 99% used [0x0000000700000000,0x000000077b5294b8,0x000000077b580000)
 Metaspace       used 89188K, committed 90752K, reserved 1179648K
  class space    used 8521K, committed 9280K, reserved 1048576K
}
Event: 46905.120 GC heap after
{Heap after GC invocations=11022 (full 19):
 PSYoungGen      total 5120K, used 544K [0x00000007aab00000, 0x00000007ab100000, 0x0000000800000000)
  eden space 4096K, 0% used [0x00000007aab00000,0x00000007aab00000,0x00000007aaf00000)
  from space 1024K, 53% used [0x00000007aaf00000,0x00000007aaf88000,0x00000007ab000000)
  to   space 1024K, 0% used [0x00000007ab000000,0x00000007ab000000,0x00000007ab100000)
 ParOldGen       total 2021376K, used 2020957K [0x0000000700000000, 0x000000077b600000, 0x00000007aab00000)
  object space 2021376K, 99% used [0x0000000700000000,0x000000077b597538,0x000000077b600000)
 Metaspace       used 89188K, committed 90752K, reserved 1179648K
  class space    used 8521K, committed 9280K, reserved 1048576K
}
Event: 46905.184 GC heap before
{Heap before GC invocations=11023 (full 19):
 PSYoungGen      total 5120K, used 4640K [0x00000007aab00000, 0x00000007ab100000, 0x0000000800000000)
  eden space 4096K, 100% used [0x00000007aab00000,0x00000007aaf00000,0x00000007aaf00000)
  from space 1024K, 53% used [0x00000007aaf00000,0x00000007aaf88000,0x00000007ab000000)
  to   space 1024K, 0% used [0x00000007ab000000,0x00000007ab000000,0x00000007ab100000)
 ParOldGen       total 2021376K, used 2020957K [0x0000000700000000, 0x000000077b600000, 0x00000007aab00000)
  object space 2021376K, 99% used [0x0000000700000000,0x000000077b597538,0x000000077b600000)
 Metaspace       used 89188K, committed 90752K, reserved 1179648K
  class space    used 8521K, committed 9280K, reserved 1048576K
}
Event: 46905.190 GC heap after
{Heap after GC invocations=11023 (full 19):
 PSYoungGen      total 5120K, used 608K [0x00000007aab00000, 0x00000007ab100000, 0x0000000800000000)
  eden space 4096K, 0% used [0x00000007aab00000,0x00000007aab00000,0x00000007aaf00000)
  from space 1024K, 59% used [0x00000007ab000000,0x00000007ab098000,0x00000007ab100000)
  to   space 1024K, 0% used [0x00000007aaf00000,0x00000007aaf00000,0x00000007ab000000)
 ParOldGen       total 2021888K, used 2021389K [0x0000000700000000, 0x000000077b680000, 0x00000007aab00000)
  object space 2021888K, 99% used [0x0000000700000000,0x000000077b603578,0x000000077b680000)
 Metaspace       used 89188K, committed 90752K, reserved 1179648K
  class space    used 8521K, committed 9280K, reserved 1048576K
}
Event: 46905.549 GC heap before
{Heap before GC invocations=11024 (full 19):
 PSYoungGen      total 5120K, used 4703K [0x00000007aab00000, 0x00000007ab100000, 0x0000000800000000)
  eden space 4096K, 99% used [0x00000007aab00000,0x00000007aaefff78,0x00000007aaf00000)
  from space 1024K, 59% used [0x00000007ab000000,0x00000007ab098000,0x00000007ab100000)
  to   space 1024K, 0% used [0x00000007aaf00000,0x00000007aaf00000,0x00000007ab000000)
 ParOldGen       total 2021888K, used 2021389K [0x0000000700000000, 0x000000077b680000, 0x00000007aab00000)
  object space 2021888K, 99% used [0x0000000700000000,0x000000077b603578,0x000000077b680000)
 Metaspace       used 89194K, committed 90752K, reserved 1179648K
  class space    used 8521K, committed 9280K, reserved 1048576K
}

